andengineLibrary/AndEngine-GLES2/build/outputs/logs/manifest-merger-debug-report.txt
-- Merging decision tree log ---
manifest
ADDED from andengineLibrary\AndEngine-GLES2\AndroidManifest.xml:2:1-12:12
INJECTED from andengineLibrary\AndEngine-GLES2\AndroidManifest.xml:2:1-12:12
INJECTED from andengineLibrary\AndEngine-GLES2\AndroidManifest.xml:2:1-12:12
INJECTED from andengineLibrary\AndEngine-GLES2\AndroidManifest.xml:2:1-12:12
INJECTED from andengineLibrary\AndEngine-GLES2\AndroidManifest.xml:2:1-12:12
INJECTED from andengineLibrary\AndEngine-GLES2\AndroidManifest.xml:2:1-12:12
INJECTED from andengineLibrary\AndEngine-GLES2\AndroidManifest.xml:2:1-12:12
	package
		ADDED from andengineLibrary\AndEngine-GLES2\AndroidManifest.xml:3:2-25
		INJECTED from andengineLibrary\AndEngine-GLES2\AndroidManifest.xml
		INJECTED from andengineLibrary\AndEngine-GLES2\AndroidManifest.xml
	android:versionName
		ADDED from andengineLibrary\AndEngine-GLES2\AndroidManifest.xml:5:2-27
		INJECTED from andengineLibrary\AndEngine-GLES2\AndroidManifest.xml
		INJECTED from andengineLibrary\AndEngine-GLES2\AndroidManifest.xml
	xmlns:android
		ADDED from andengineLibrary\AndEngine-GLES2\AndroidManifest.xml:2:11-69
	android:versionCode
		ADDED from andengineLibrary\AndEngine-GLES2\AndroidManifest.xml:4:2-25
		INJECTED from andengineLibrary\AndEngine-GLES2\AndroidManifest.xml
		INJECTED from andengineLibrary\AndEngine-GLES2\AndroidManifest.xml
uses-sdk
ADDED from andengineLibrary\AndEngine-GLES2\AndroidManifest.xml:9:2-68
INJECTED from andengineLibrary\AndEngine-GLES2\AndroidManifest.xml:9:2-68
INJECTED from andengineLibrary\AndEngine-GLES2\AndroidManifest.xml:9:2-68
INJECTED from andengineLibrary\AndEngine-GLES2\AndroidManifest.xml:9:2-68
INJECTED from andengineLibrary\AndEngine-GLES2\AndroidManifest.xml:9:2-68
	android:targetSdkVersion
		ADDED from andengineLibrary\AndEngine-GLES2\AndroidManifest.xml:9:38-66
		INJECTED from andengineLibrary\AndEngine-GLES2\AndroidManifest.xml
		INJECTED from andengineLibrary\AndEngine-GLES2\AndroidManifest.xml
	android:minSdkVersion
		ADDED from andengineLibrary\AndEngine-GLES2\AndroidManifest.xml:9:12-37
		INJECTED from andengineLibrary\AndEngine-GLES2\AndroidManifest.xml
		INJECTED from andengineLibrary\AndEngine-GLES2\AndroidManifest.xml
application
ADDED from andengineLibrary\AndEngine-GLES2\AndroidManifest.xml:11:2-42
	android:debuggable
		ADDED from andengineLibrary\AndEngine-GLES2\AndroidManifest.xml:11:15-40